<?xml version="1.0" encoding="UTF-8"?>
<testsuite xmlns:xsi="http://www.w3.org/2001/XMLSchema-instance" xsi:noNamespaceSchemaLocation="https://maven.apache.org/surefire/maven-surefire-plugin/xsd/surefire-test-report-3.0.xsd" version="3.0" name="com.workintech.MainTest" time="0.014" tests="4" errors="0" skipped="0" failures="0">
  <properties>
[...]
</properties>
  <testcase name="testCircleArea" classname="com.workintech.MainTest" time="0.005"/>
  <testcase name="testHRManagerHiring" classname="com.workintech.MainTest" time="0.002">
    <system-out><![CDATA[Junior developer Bob added to index 0
]]></system-out>
  </testcase>
  <testcase name="testDevelopersWork" classname="com.workintech.MainTest" time="0">
    <system-out><![CDATA[Junior Developer is writing basic code...
Mid Developer is improving features...
Senior Developer is designing architecture...
]]></system-out>
  </testcase>
  <testcase name="testCylinderVolume" classname="com.workintech.MainTest" time="0"/>
</testsuite>